<?xml version="1.0" encoding="UTF-8"?>
<testsuite xmlns:xsi="http://www.w3.org/2001/XMLSchema-instance" xsi:noNamespaceSchemaLocation="https://maven.apache.org/surefire/maven-surefire-plugin/xsd/surefire-test-report.xsd" version="3.0.2" name="org.example.springboot.SpringbootApplicationTests" time="8.795" tests="1" errors="0" skipped="0" failures="0">
  <properties>
[...]
</properties>
  <testcase name="contextLoads" classname="org.example.springboot.SpringbootApplicationTests" time="0.571">
    <system-out><![CDATA[09:27:45.528 [main] INFO org.springframework.test.context.support.AnnotationConfigContextLoaderUtils -- Could not detect default configuration classes for test class [org.example.springboot.SpringbootApplicationTests]: SpringbootApplicationTests does not declare any static, non-private, non-final, nested classes annotated with @Configuration.
09:27:45.627 [main] INFO org.springframework.boot.test.context.SpringBootTestContextBootstrapper -- Found @SpringBootConfiguration org.example.springboot.SpringbootApplication for test class org.example.springboot.SpringbootApplicationTests

  .   ____          _            __ _ _
 /\\ / ___'_ __ _ _(_)_ __  __ _ \ \ \ \
( ( )\___ | '_ | '_| | '_ \/ _` | \ \ \ \
 \\/  ___)| |_)| | | | | || (_| |  ) ) ) )
  '  |____| .__|_| |_|_| |_\__, | / / / /
 =========|_|==============|___/=/_/_/_/

 :: Spring Boot ::                (v3.4.3)

2026-04-17T09:27:45.983+08:00  INFO 25352 --- [springboot] [           main] o.e.s.SpringbootApplicationTests         : Starting SpringbootApplicationTests using Java 21.0.10 with PID 25352 (started by admin in D:\tourism system\springboot)
2026-04-17T09:27:45.984+08:00  INFO 25352 --- [springboot] [           main] o.e.s.SpringbootApplicationTests         : No active profile set, falling back to 1 default profile: "default"
2026-04-17T09:27:47.496+08:00  INFO 25352 --- [springboot] [           main] .s.d.r.c.RepositoryConfigurationDelegate : Multiple Spring Data modules found, entering strict repository configuration mode
2026-04-17T09:27:47.497+08:00  INFO 25352 --- [springboot] [           main] .s.d.r.c.RepositoryConfigurationDelegate : Bootstrapping Spring Data JDBC repositories in DEFAULT mode.
2026-04-17T09:27:47.520+08:00  INFO 25352 --- [springboot] [           main] .s.d.r.c.RepositoryConfigurationDelegate : Finished Spring Data repository scanning in 10 ms. Found 0 JDBC repository interfaces.
2026-04-17T09:27:47.535+08:00  INFO 25352 --- [springboot] [           main] .s.d.r.c.RepositoryConfigurationDelegate : Multiple Spring Data modules found, entering strict repository configuration mode
2026-04-17T09:27:47.539+08:00  INFO 25352 --- [springboot] [           main] .s.d.r.c.RepositoryConfigurationDelegate : Bootstrapping Spring Data Redis repositories in DEFAULT mode.
2026-04-17T09:27:47.552+08:00  INFO 25352 --- [springboot] [           main] .s.d.r.c.RepositoryConfigurationDelegate : Finished Spring Data repository scanning in 4 ms. Found 0 Redis repository interfaces.
 _ _   |_  _ _|_. ___ _ |    _ 
| | |\/|_)(_| | |_\  |_)||_|_\ 
     /               |         
                        3.5.7 
2026-04-17T09:27:49.172+08:00  INFO 25352 --- [springboot] [           main] o.e.s.AiService.DeepSeekService          : 注册工具: searchScenicSpots
2026-04-17T09:27:49.177+08:00  INFO 25352 --- [springboot] [           main] o.e.s.AiService.DeepSeekService          : 注册工具: getScenicSpotDetail
2026-04-17T09:27:49.178+08:00  INFO 25352 --- [springboot] [           main] o.e.s.AiService.DeepSeekService          : 注册工具: getAllCategories
2026-04-17T09:27:49.178+08:00  INFO 25352 --- [springboot] [           main] o.e.s.A.ScenicRecommendationService      : DeepSeek工具注册完成
2026-04-17T09:27:51.062+08:00  INFO 25352 --- [springboot] [           main] r$InitializeUserDetailsManagerConfigurer : Global AuthenticationManager configured with UserDetailsService bean with name userDetailServiceImpl
2026-04-17T09:27:53.287+08:00  INFO 25352 --- [springboot] [           main] com.zaxxer.hikari.HikariDataSource       : HikariPool-1 - Starting...
2026-04-17T09:27:53.436+08:00  INFO 25352 --- [springboot] [           main] com.zaxxer.hikari.pool.HikariPool        : HikariPool-1 - Added connection com.mysql.cj.jdbc.ConnectionImpl@2040732f
2026-04-17T09:27:53.437+08:00  INFO 25352 --- [springboot] [           main] com.zaxxer.hikari.HikariDataSource       : HikariPool-1 - Start completed.
2026-04-17T09:27:53.605+08:00  INFO 25352 --- [springboot] [           main] o.e.s.SpringbootApplicationTests         : Started SpringbootApplicationTests in 7.844 seconds (process running for 8.749)
]]></system-out>
    <system-err><![CDATA[Mockito is currently self-attaching to enable the inline-mock-maker. This will no longer work in future releases of the JDK. Please add Mockito as an agent to your build what is described in Mockito's documentation: https://javadoc.io/doc/org.mockito/mockito-core/latest/org/mockito/Mockito.html#0.3
WARNING: A Java agent has been loaded dynamically (C:\Users\admin\.m2\repository\net\bytebuddy\byte-buddy-agent\1.15.11\byte-buddy-agent-1.15.11.jar)
WARNING: If a serviceability tool is in use, please run with -XX:+EnableDynamicAgentLoading to hide this warning
WARNING: If a serviceability tool is not in use, please run with -Djdk.instrument.traceUsage for more information
WARNING: Dynamic loading of agents will be disallowed by default in a future release
]]></system-err>
  </testcase>
</testsuite>